<?xml version="1.0" encoding="UTF-8"?>
<robot generator="Robot 6.0.2 (Python 3.11.2 on win32)" generated="20230323 14:42:44.961" rpa="false" schemaversion="3">
<suite id="s1" name="Club Membership" source="C:\Users\Yash Raj singh\PycharmProjects\POMM\TestCases\club_membership.robot">
<test id="s1-t1" name="clubMembership" line="16">
<kw name="Open Browser" library="SeleniumLibrary">
<arg>${SiteUrl}</arg>
<arg>${Browser}</arg>
<doc>Opens a new browser instance to the optional ``url``.</doc>
<msg timestamp="20230323 14:42:45.257" level="INFO">Opening browser 'edge' to base url 'https://propftxdevadmin.iworklab.com/'.</msg>
<status status="PASS" starttime="20230323 14:42:45.257" endtime="20230323 14:42:50.991"/>
</kw>
<kw name="Maximize Browser Window" library="SeleniumLibrary">
<doc>Maximizes current browser window.</doc>
<status status="PASS" starttime="20230323 14:42:50.991" endtime="20230323 14:42:51.147"/>
</kw>
<kw name="Sleep" library="BuiltIn">
<arg>4</arg>
<doc>Pauses the test executed for the given time.</doc>
<msg timestamp="20230323 14:42:55.153" level="INFO">Slept 4 seconds</msg>
<status status="PASS" starttime="20230323 14:42:51.153" endtime="20230323 14:42:55.153"/>
</kw>
<kw name="Enter Username" library="LoginKeywords">
<arg>${User}</arg>
<kw name="Input Text" library="SeleniumLibrary">
<arg>${Input_UserNamee}</arg>
<arg>${Username}</arg>
<doc>Types the given ``text`` into the text field identified by ``locator``.</doc>
<msg timestamp="20230323 14:42:55.155" level="INFO">Typing text 'rahul.agarwal@mail.vinove.com' into text field '//input[@name='loginEmail']'.</msg>
<status status="PASS" starttime="20230323 14:42:55.154" endtime="20230323 14:42:55.284"/>
</kw>
<status status="PASS" starttime="20230323 14:42:55.153" endtime="20230323 14:42:55.284"/>
</kw>
<kw name="Enter Password" library="LoginKeywords">
<arg>${Pass}</arg>
<kw name="Input Text" library="SeleniumLibrary">
<arg>${Input_password}</arg>
<arg>${Password}</arg>
<doc>Types the given ``text`` into the text field identified by ``locator``.</doc>
<msg timestamp="20230323 14:42:55.286" level="INFO">Typing text 'Admin@123' into text field 'name:password'.</msg>
<status status="PASS" starttime="20230323 14:42:55.285" endtime="20230323 14:42:55.396"/>
</kw>
<status status="PASS" starttime="20230323 14:42:55.285" endtime="20230323 14:42:55.396"/>
</kw>
<kw name="Click_Buton" library="LoginKeywords">
<kw name="Click Button" library="SeleniumLibrary">
<arg>${Click_Button}</arg>
<doc>Clicks the button identified by ``locator``.</doc>
<msg timestamp="20230323 14:42:55.397" level="INFO">Clicking button 'xpath://button[@type='submit']'.</msg>
<status status="PASS" starttime="20230323 14:42:55.397" endtime="20230323 14:42:55.533"/>
</kw>
<status status="PASS" starttime="20230323 14:42:55.396" endtime="20230323 14:42:55.534"/>
</kw>
<kw name="Sleep" library="BuiltIn">
<arg>3</arg>
<doc>Pauses the test executed for the given time.</doc>
<msg timestamp="20230323 14:42:58.540" level="INFO">Slept 3 seconds</msg>
<status status="PASS" starttime="20230323 14:42:55.539" endtime="20230323 14:42:58.540"/>
</kw>
<kw name="Wait Until Element Is Visible" library="SeleniumLibrary">
<arg>${click_clubMembership}</arg>
<doc>Waits until the element ``locator`` is visible.</doc>
<status status="PASS" starttime="20230323 14:42:58.542" endtime="20230323 14:42:58.578"/>
</kw>
<kw name="clubMembership" library="LoginKeywords">
<kw name="Click Element" library="SeleniumLibrary">
<arg>${click_clubMembership}</arg>
<doc>Click the element identified by ``locator``.</doc>
<msg timestamp="20230323 14:42:58.580" level="INFO">Clicking element '//span[text()='Club Membership']'.</msg>
<status status="PASS" starttime="20230323 14:42:58.579" endtime="20230323 14:42:58.637"/>
</kw>
<status status="PASS" starttime="20230323 14:42:58.579" endtime="20230323 14:42:58.637"/>
</kw>
<kw name="Wait Until Element Is Visible" library="SeleniumLibrary">
<arg>${click_plans}</arg>
<doc>Waits until the element ``locator`` is visible.</doc>
<status status="PASS" starttime="20230323 14:42:58.637" endtime="20230323 14:42:58.883"/>
</kw>
<kw name="clubPlans" library="LoginKeywords">
<kw name="Click Element" library="SeleniumLibrary">
<arg>${click_plans}</arg>
<doc>Click the element identified by ``locator``.</doc>
<msg timestamp="20230323 14:42:58.885" level="INFO">Clicking element '//span[text()='Plans']'.</msg>
<status status="PASS" starttime="20230323 14:42:58.884" endtime="20230323 14:42:58.934"/>
</kw>
<status status="PASS" starttime="20230323 14:42:58.884" endtime="20230323 14:42:58.934"/>
</kw>
<kw name="Wait Until Element Is Visible" library="SeleniumLibrary">
<arg>${click_Club_ADD}</arg>
<doc>Waits until the element ``locator`` is visible.</doc>
<status status="PASS" starttime="20230323 14:42:58.934" endtime="20230323 14:42:59.179"/>
</kw>
<kw name="clubADD" library="LoginKeywords">
<kw name="Click Element" library="SeleniumLibrary">
<arg>${click_Club_ADD}</arg>
<doc>Click the element identified by ``locator``.</doc>
<msg timestamp="20230323 14:42:59.179" level="INFO">Clicking element '(//span[text()='Add'])[3]'.</msg>
<status status="PASS" starttime="20230323 14:42:59.179" endtime="20230323 14:42:59.261"/>
</kw>
<status status="PASS" starttime="20230323 14:42:59.179" endtime="20230323 14:42:59.261"/>
</kw>
<kw name="Wait Until Element Is Visible" library="SeleniumLibrary">
<arg>${plan_Name}</arg>
<arg>timeout=10</arg>
<doc>Waits until the element ``locator`` is visible.</doc>
<status status="PASS" starttime="20230323 14:42:59.262" endtime="20230323 14:42:59.756"/>
</kw>
<kw name="PlanName1" library="LoginKeywords">
<arg>${PlanName2}</arg>
<kw name="Input Text" library="SeleniumLibrary">
<arg>${plan_Name}</arg>
<arg>${PlanNamexyz}</arg>
<doc>Types the given ``text`` into the text field identified by ``locator``.</doc>
<msg timestamp="20230323 14:42:59.758" level="INFO">Typing text 'xyz' into text field 'xpath://input[@id='planTitle']'.</msg>
<status status="PASS" starttime="20230323 14:42:59.757" endtime="20230323 14:42:59.848"/>
</kw>
<status status="PASS" starttime="20230323 14:42:59.756" endtime="20230323 14:42:59.849"/>
</kw>
<kw name="clickValidity1" library="LoginKeywords">
<kw name="Click Element" library="SeleniumLibrary">
<arg>${validity_click}</arg>
<doc>Click the element identified by ``locator``.</doc>
<msg timestamp="20230323 14:42:59.850" level="INFO">Clicking element '//div[@class='select__input-container css-ackcql']'.</msg>
<status status="PASS" starttime="20230323 14:42:59.850" endtime="20230323 14:42:59.933"/>
</kw>
<status status="PASS" starttime="20230323 14:42:59.849" endtime="20230323 14:42:59.934"/>
</kw>
<kw name="InputValidity1" library="LoginKeywords">
<arg>${Validity3}</arg>
<kw name="Input Text" library="SeleniumLibrary">
<arg>${validity_input}</arg>
<arg>${Validity2}</arg>
<doc>Types the given ``text`` into the text field identified by ``locator``.</doc>
<msg timestamp="20230323 14:42:59.937" level="INFO">Typing text 'Monthly' into text field '//input[@class='select__input']'.</msg>
<status status="PASS" starttime="20230323 14:42:59.937" endtime="20230323 14:43:00.146"/>
</kw>
<status status="PASS" starttime="20230323 14:42:59.936" endtime="20230323 14:43:00.146"/>
</kw>
<kw name="Sleep" library="BuiltIn">
<arg>2</arg>
<doc>Pauses the test executed for the given time.</doc>
<msg timestamp="20230323 14:43:02.147" level="INFO">Slept 2 seconds</msg>
<status status="PASS" starttime="20230323 14:43:00.146" endtime="20230323 14:43:02.147"/>
</kw>
<kw name="PressKeyValidity" library="LoginKeywords">
<kw name="Press Keys" library="SeleniumLibrary">
<arg>${validity_input}</arg>
<arg>TAB</arg>
<doc>Simulates the user pressing key(s) to an element or on the active browser.</doc>
<msg timestamp="20230323 14:43:02.150" level="INFO">Sending key(s) ('TAB',) to //input[@class='select__input'] element.</msg>
<msg timestamp="20230323 14:43:02.452" level="INFO">Pressing special key TAB to element.</msg>
<msg timestamp="20230323 14:43:02.452" level="INFO">Releasing special key TAB.</msg>
<status status="PASS" starttime="20230323 14:43:02.148" endtime="20230323 14:43:02.466"/>
</kw>
<status status="PASS" starttime="20230323 14:43:02.148" endtime="20230323 14:43:02.466"/>
</kw>
<kw name="InputClub_price" library="LoginKeywords">
<arg>${Price1}</arg>
<kw name="Input Text" library="SeleniumLibrary">
<arg>${ClubPrice}</arg>
<arg>${pricexyz}</arg>
<doc>Types the given ``text`` into the text field identified by ``locator``.</doc>
<msg timestamp="20230323 14:43:02.468" level="INFO">Typing text '2542' into text field '//input[@id='price']'.</msg>
<status status="PASS" starttime="20230323 14:43:02.467" endtime="20230323 14:43:02.584"/>
</kw>
<status status="PASS" starttime="20230323 14:43:02.467" endtime="20230323 14:43:02.584"/>
</kw>
<kw name="InputClub_discount" library="LoginKeywords">
<arg>${Disocunt1}</arg>
<kw name="Input Text" library="SeleniumLibrary">
<arg>${ClubDiscount}</arg>
<arg>${Discountxyz}</arg>
<doc>Types the given ``text`` into the text field identified by ``locator``.</doc>
<msg timestamp="20230323 14:43:02.585" level="INFO">Typing text '42' into text field '//input[@id='discount']'.</msg>
<status status="PASS" starttime="20230323 14:43:02.585" endtime="20230323 14:43:02.682"/>
</kw>
<status status="PASS" starttime="20230323 14:43:02.584" endtime="20230323 14:43:02.682"/>
</kw>
<kw name="clickSavebuttonClub" library="LoginKeywords">
<kw name="Click Element" library="SeleniumLibrary">
<arg>${savebuttonClub}</arg>
<doc>Click the element identified by ``locator``.</doc>
<msg timestamp="20230323 14:43:02.684" level="INFO">Clicking element '//button[text()='Save']'.</msg>
<status status="PASS" starttime="20230323 14:43:02.683" endtime="20230323 14:43:02.737"/>
</kw>
<status status="PASS" starttime="20230323 14:43:02.683" endtime="20230323 14:43:02.737"/>
</kw>
<kw name="Sleep" library="BuiltIn">
<arg>1</arg>
<doc>Pauses the test executed for the given time.</doc>
<msg timestamp="20230323 14:43:03.738" level="INFO">Slept 1 second</msg>
<status status="PASS" starttime="20230323 14:43:02.737" endtime="20230323 14:43:03.738"/>
</kw>
<kw name="ClubAddedSuccessfully" library="LoginKeywords">
<kw name="Page Should Contain Element" library="SeleniumLibrary">
<arg>${successfullyPlanADDed}</arg>
<arg>New plan added successfully</arg>
<doc>Verifies that element ``locator`` is found on the current page.</doc>
<msg timestamp="20230323 14:43:03.763" level="INFO">Current page contains element '//div[@id='swal2-html-container']'.</msg>
<status status="PASS" starttime="20230323 14:43:03.739" endtime="20230323 14:43:03.764"/>
</kw>
<status status="PASS" starttime="20230323 14:43:03.739" endtime="20230323 14:43:03.764"/>
</kw>
<kw name="Sleep" library="BuiltIn">
<arg>20</arg>
<doc>Pauses the test executed for the given time.</doc>
<msg timestamp="20230323 14:43:23.765" level="INFO">Slept 20 seconds</msg>
<status status="PASS" starttime="20230323 14:43:03.765" endtime="20230323 14:43:23.765"/>
</kw>
<status status="PASS" starttime="20230323 14:42:45.256" endtime="20230323 14:43:23.766"/>
</test>
<status status="PASS" starttime="20230323 14:42:44.963" endtime="20230323 14:43:23.768"/>
</suite>
<statistics>
<total>
<stat pass="1" fail="0" skip="0">All Tests</stat>
</total>
<tag>
</tag>
<suite>
<stat pass="1" fail="0" skip="0" id="s1" name="Club Membership">Club Membership</stat>
</suite>
</statistics>
<errors>
</errors>
</robot>
